[22:10:00] [ServerMain/INFO]: Environment: Environment[sessionHost=https://sessionserver.mojang.com, servicesHost=https://api.minecraftservices.com, name=PROD]
[22:10:02] [ServerMain/INFO]: Loaded 7 recipes
[22:10:03] [ServerMain/INFO]: Loaded 1271 advancements
[22:10:03] [Server thread/INFO]: Starting minecraft server version 1.20.4
[22:10:03] [Server thread/INFO]: Loading properties
[22:10:03] [Server thread/INFO]: Default game type: SURVIVAL
[22:10:03] [Server thread/INFO]: Generating keypair
[22:10:03] [Server thread/INFO]: Starting Minecraft server on *:25565
[22:10:03] [Server thread/INFO]: Using epoll channel type
[22:10:03] [Server thread/INFO]: Preparing level "world"
[22:10:04] [Server thread/INFO]: Preparing start region for dimension minecraft:overworld
[22:10:05] [Worker-Main-4/INFO]: Preparing spawn area: 0%
[22:10:05] [Worker-Main-20/INFO]: Preparing spawn area: 0%
[22:10:05] [Worker-Main-20/INFO]: Preparing spawn area: 0%
[22:10:05] [Worker-Main-13/INFO]: Preparing spawn area: 0%
[22:10:06] [Worker-Main-4/INFO]: Preparing spawn area: 0%
[22:10:06] [Worker-Main-14/INFO]: Preparing spawn area: 54%
[22:10:07] [Server thread/INFO]: Time elapsed: 2709 ms
[22:10:07] [Server thread/INFO]: Done (3.303s)! For help, type "help"
[22:10:41] [Server thread/INFO]: Stopping the server
[22:10:41] [Server thread/INFO]: Stopping server
[22:10:41] [Server thread/INFO]: Saving players
[22:10:41] [Server thread/INFO]: Saving worlds
[22:10:42] [Server thread/INFO]: Saving chunks for level 'ServerLevel[world]'/minecraft:overworld
[22:10:42] [Server thread/INFO]: Saving chunks for level 'ServerLevel[world]'/minecraft:the_end
[22:10:42] [Server thread/INFO]: Saving chunks for level 'ServerLevel[world]'/minecraft:the_nether
[22:10:42] [Server thread/INFO]: ThreadedAnvilChunkStorage (world): All chunks are saved
[22:10:42] [Server thread/INFO]: ThreadedAnvilChunkStorage (DIM1): All chunks are saved
[22:10:42] [Server thread/INFO]: ThreadedAnvilChunkStorage (DIM-1): All chunks are saved
[22:10:42] [Server thread/INFO]: ThreadedAnvilChunkStorage: All dimensions are saved
